<?xml version="1.0" encoding="UTF-8"?>
<testsuite name="com.example.management.domain.model.AddressTest" tests="3" skipped="0" failures="0" errors="0" timestamp="2026-02-14T17:31:49" hostname="RubenS" time="0.053">
  <properties/>
  <testcase name="shouldCreateAddressWithAllFields()" classname="com.example.management.domain.model.AddressTest" time="0.005"/>
  <testcase name="shouldBeEqualWhenSameValues()" classname="com.example.management.domain.model.AddressTest" time="0.04"/>
  <testcase name="shouldRejectNullStreet()" classname="com.example.management.domain.model.AddressTest" time="0.003"/>
  <system-out><![CDATA[]]></system-out>
  <system-err><![CDATA[]]></system-err>
</testsuite>
