<?xml version="1.0" encoding="UTF-8"?>
<testsuite name="ship" tests="2" skipped="0" failures="0" errors="0" timestamp="2026-02-15T16:50:36.787Z" hostname="RubenS" time="0.007">
  <properties/>
  <testcase name="rejectsShipWhenNotPaid()" classname="com.example.management.domain.model.OrderTest$Ship" time="0.003"/>
  <testcase name="shipWhenPaid()" classname="com.example.management.domain.model.OrderTest$Ship" time="0.002"/>
  <system-out><![CDATA[]]></system-out>
  <system-err><![CDATA[]]></system-err>
</testsuite>
