<?xml version="1.0" encoding="UTF-8"?>
<testsuite name="com.example.management.infrastructure.adapters.OrderControllerTest" tests="1" skipped="0" failures="0" errors="0" timestamp="2026-02-14T17:31:54" hostname="RubenS" time="0.373">
  <properties/>
  <testcase name="getOrderWhenNotFoundShouldReturn404()" classname="com.example.management.infrastructure.adapters.OrderControllerTest" time="0.373"/>
  <system-out><![CDATA[12:31:50.043 [Test worker] INFO org.springframework.test.context.support.AnnotationConfigContextLoaderUtils -- Could not detect default configuration classes for test class [com.example.management.infrastructure.adapters.OrderControllerTest]: OrderControllerTest does not declare any static, non-private, non-final, nested classes annotated with @Configuration.
12:31:50.555 [Test worker] INFO org.springframework.boot.test.context.SpringBootTestContextBootstrapper -- Found @SpringBootConfiguration com.example.management.ManagementApplication for test class com.example.management.infrastructure.adapters.OrderControllerTest

  .   ____          _            __ _ _
 /\\ / ___'_ __ _ _(_)_ __  __ _ \ \ \ \
( ( )\___ | '_ | '_| | '_ \/ _` | \ \ \ \
 \\/  ___)| |_)| | | | | || (_| |  ) ) ) )
  '  |____| .__|_| |_|_| |_\__, | / / / /
 =========|_|==============|___/=/_/_/_/
 :: Spring Boot ::                (v3.2.0)

2026-02-14T12:31:51.649-05:00  INFO 30679 --- [management] [    Test worker] c.e.m.i.adapters.OrderControllerTest     : Starting OrderControllerTest using Java 17.0.18 with PID 30679 (started by root in /root/agent_code_generator/workspaces/order_management_workspace/order-management_v24)
2026-02-14T12:31:51.655-05:00  INFO 30679 --- [management] [    Test worker] c.e.m.i.adapters.OrderControllerTest     : No active profile set, falling back to 1 default profile: "default"
2026-02-14T12:31:54.710-05:00  INFO 30679 --- [management] [    Test worker] o.s.b.t.m.w.SpringBootMockServletContext : Initializing Spring TestDispatcherServlet ''
2026-02-14T12:31:54.711-05:00  INFO 30679 --- [management] [    Test worker] o.s.t.web.servlet.TestDispatcherServlet  : Initializing Servlet ''
2026-02-14T12:31:54.721-05:00  INFO 30679 --- [management] [    Test worker] o.s.t.web.servlet.TestDispatcherServlet  : Completed initialization in 4 ms
2026-02-14T12:31:54.827-05:00  INFO 30679 --- [management] [    Test worker] c.e.m.i.adapters.OrderControllerTest     : Started OrderControllerTest in 4.037 seconds (process running for 9.054)
]]></system-out>
  <system-err><![CDATA[]]></system-err>
</testsuite>
