<?xml version="1.0" encoding="UTF-8"?>
<testsuite name="subtraction" tests="2" skipped="0" failures="0" errors="0" timestamp="2026-02-15T16:40:58.666Z" hostname="RubenS" time="0.031">
  <properties/>
  <testcase name="subtractsSameCurrency()" classname="com.example.management.domain.model.MoneyTest$Subtraction" time="0.009"/>
  <testcase name="subtractThrowsWhenCurrenciesDiffer()" classname="com.example.management.domain.model.MoneyTest$Subtraction" time="0.02"/>
  <system-out><![CDATA[]]></system-out>
  <system-err><![CDATA[]]></system-err>
</testsuite>
