<?xml version="1.0" encoding="UTF-8"?>
<testsuite name="addition" tests="2" skipped="0" failures="0" errors="0" timestamp="2026-02-15T16:50:36.718Z" hostname="RubenS" time="0.007">
  <properties/>
  <testcase name="addsSameCurrency()" classname="com.example.management.domain.model.MoneyTest$Addition" time="0.002"/>
  <testcase name="addThrowsWhenCurrenciesDiffer()" classname="com.example.management.domain.model.MoneyTest$Addition" time="0.003"/>
  <system-out><![CDATA[]]></system-out>
  <system-err><![CDATA[]]></system-err>
</testsuite>
