<?xml version="1.0" encoding="UTF-8"?>
<testsuite name="getById" tests="2" skipped="0" failures="0" errors="0" timestamp="2026-02-15T16:50:36.606Z" hostname="RubenS" time="0.017">
  <properties/>
  <testcase name="returnsEmptyWhenNotFound()" classname="com.example.management.application.services.OrderApplicationServiceTest$GetById" time="0.008"/>
  <testcase name="returnsOrderWhenFound()" classname="com.example.management.application.services.OrderApplicationServiceTest$GetById" time="0.007"/>
  <system-out><![CDATA[]]></system-out>
  <system-err><![CDATA[]]></system-err>
</testsuite>
