<?xml version="1.0" encoding="UTF-8"?>
<testsuite name="com.example.management.application.services.OrderManagementServiceTest" tests="5" skipped="0" failures="0" errors="0" timestamp="2026-02-14T17:31:47" hostname="RubenS" time="2.023">
  <properties/>
  <testcase name="getOrderShouldReturnOptionalFromRepository()" classname="com.example.management.application.services.OrderManagementServiceTest" time="1.921"/>
  <testcase name="createOrderShouldDelegateToRepository()" classname="com.example.management.application.services.OrderManagementServiceTest" time="0.049"/>
  <testcase name="payOrderWhenOrderNotFoundShouldThrow()" classname="com.example.management.application.services.OrderManagementServiceTest" time="0.016"/>
  <testcase name="payOrderShouldMarkAsPaidAndSave()" classname="com.example.management.application.services.OrderManagementServiceTest" time="0.013"/>
  <testcase name="getOrderWhenNotFoundShouldReturnEmpty()" classname="com.example.management.application.services.OrderManagementServiceTest" time="0.008"/>
  <system-out><![CDATA[]]></system-out>
  <system-err><![CDATA[]]></system-err>
</testsuite>
