<?xml version="1.0" encoding="UTF-8"?>
<testsuite name="pay" tests="2" skipped="0" failures="0" errors="0" timestamp="2026-02-15T16:50:36.069Z" hostname="RubenS" time="0.528">
  <properties/>
  <testcase name="throwsWhenOrderNotFound()" classname="com.example.management.application.services.OrderApplicationServiceTest$Pay" time="0.487"/>
  <testcase name="marksOrderAsPaidAndSaves()" classname="com.example.management.application.services.OrderApplicationServiceTest$Pay" time="0.037"/>
  <system-out><![CDATA[]]></system-out>
  <system-err><![CDATA[]]></system-err>
</testsuite>
