<?xml version="1.0" encoding="UTF-8"?>
<testsuite name="com.example.management.domain.model.MoneyTest" tests="8" skipped="0" failures="0" errors="0" timestamp="2026-02-14T17:31:49" hostname="RubenS" time="0.044">
  <properties/>
  <testcase name="shouldAddSameCurrency()" classname="com.example.management.domain.model.MoneyTest" time="0.004"/>
  <testcase name="shouldSubtractSameCurrency()" classname="com.example.management.domain.model.MoneyTest" time="0.001"/>
  <testcase name="shouldThrowWhenAddingDifferentCurrencies()" classname="com.example.management.domain.model.MoneyTest" time="0.01"/>
  <testcase name="shouldMultiplyByDecimalScalar()" classname="com.example.management.domain.model.MoneyTest" time="0.002"/>
  <testcase name="shouldCreateMoneyWithDefaultCurrency()" classname="com.example.management.domain.model.MoneyTest" time="0.003"/>
  <testcase name="shouldThrowWhenSubtractingDifferentCurrencies()" classname="com.example.management.domain.model.MoneyTest" time="0.002"/>
  <testcase name="shouldCreateMoneyWithExplicitCurrency()" classname="com.example.management.domain.model.MoneyTest" time="0.002"/>
  <testcase name="shouldMultiplyByScalar()" classname="com.example.management.domain.model.MoneyTest" time="0.002"/>
  <system-out><![CDATA[]]></system-out>
  <system-err><![CDATA[]]></system-err>
</testsuite>
