<?xml version="1.0" encoding="UTF-8"?>
<testsuite name="com.example.management.domain.model.OrderItemTest" tests="6" skipped="0" failures="0" errors="0" timestamp="2026-02-14T17:41:52" hostname="RubenS" time="0.022">
  <properties/>
  <testcase name="lineTotalShouldBeUnitPriceTimesQuantity()" classname="com.example.management.domain.model.OrderItemTest" time="0.001"/>
  <testcase name="shouldAcceptZeroUnitPrice()" classname="com.example.management.domain.model.OrderItemTest" time="0.002"/>
  <testcase name="shouldRejectZeroQuantity()" classname="com.example.management.domain.model.OrderItemTest" time="0.003"/>
  <testcase name="shouldCreateOrderItemWithValidQuantityAndPrice()" classname="com.example.management.domain.model.OrderItemTest" time="0.001"/>
  <testcase name="shouldRejectNegativeUnitPrice()" classname="com.example.management.domain.model.OrderItemTest" time="0.003"/>
  <testcase name="shouldRejectNegativeQuantity()" classname="com.example.management.domain.model.OrderItemTest" time="0.003"/>
  <system-out><![CDATA[]]></system-out>
  <system-err><![CDATA[]]></system-err>
</testsuite>
