<?xml version="1.0" encoding="UTF-8"?>
<testsuite name="com.example.management.application.services.OrderManagementServiceTest" tests="5" skipped="0" failures="0" errors="0" timestamp="2026-02-14T17:41:50" hostname="RubenS" time="1.834">
  <properties/>
  <testcase name="getOrderShouldReturnOptionalFromRepository()" classname="com.example.management.application.services.OrderManagementServiceTest" time="1.735"/>
  <testcase name="createOrderShouldDelegateToRepository()" classname="com.example.management.application.services.OrderManagementServiceTest" time="0.051"/>
  <testcase name="payOrderWhenOrderNotFoundShouldThrow()" classname="com.example.management.application.services.OrderManagementServiceTest" time="0.013"/>
  <testcase name="payOrderShouldMarkAsPaidAndSave()" classname="com.example.management.application.services.OrderManagementServiceTest" time="0.01"/>
  <testcase name="getOrderWhenNotFoundShouldReturnEmpty()" classname="com.example.management.application.services.OrderManagementServiceTest" time="0.009"/>
  <system-out><![CDATA[]]></system-out>
  <system-err><![CDATA[]]></system-err>
</testsuite>
