<?xml version="1.0" encoding="UTF-8"?>
<testsuite name="com.example.management.domain.model.AddressTest" tests="2" skipped="0" failures="0" errors="0" timestamp="2026-02-14T17:26:39" hostname="RubenS" time="0.058">
  <properties/>
  <testcase name="shouldCreateAddressWithAllFields()" classname="com.example.management.domain.model.AddressTest" time="0.008"/>
  <testcase name="shouldBeEqualWhenSameValues()" classname="com.example.management.domain.model.AddressTest" time="0.047"/>
  <system-out><![CDATA[]]></system-out>
  <system-err><![CDATA[]]></system-err>
</testsuite>
