<?xml version="1.0" encoding="UTF-8"?>
<testsuite name="creation" tests="2" skipped="0" failures="0" errors="0" timestamp="2026-02-15T16:50:36.730Z" hostname="RubenS" time="0.006">
  <properties/>
  <testcase name="createsWithAmountAndDefaultCurrency()" classname="com.example.management.domain.model.MoneyTest$Creation" time="0.002"/>
  <testcase name="createsWithAmountAndExplicitCurrency()" classname="com.example.management.domain.model.MoneyTest$Creation" time="0.002"/>
  <system-out><![CDATA[]]></system-out>
  <system-err><![CDATA[]]></system-err>
</testsuite>
